<?xml version="1.0" encoding="UTF-8"?>
<!-- Generated by org.testng.reporters.JUnitReportReporter -->
<testsuite skipped="0" hostname="SK-W7" name="com.api.restassured.ValidateRestAssuredAPI" tests="1" failures="0" timestamp="2020-11-28T18:02:35 IST" time="10.989" errors="0">
  <testcase name="restAPIValidation" time="10.989" classname="com.api.restassured.ValidateRestAssuredAPI"/>
  <system-out/>
</testsuite> <!-- com.api.restassured.ValidateRestAssuredAPI -->
